Using pre-set license
Built from '2020.2/staging' branch; Version is '2020.2.0b14 (dc0b50340a64) revision 14420816'; Using compiler version '192528614'; Build Type 'Release'
OS: 'Windows 10  (10.0.0) 64bit' Language: 'en' Physical Memory: 3965 MB
BatchMode: 1, IsHumanControllingUs: 0, StartBugReporterOnCrash: 0, Is64bit: 1, IsPro: 0

 COMMAND LINE ARGUMENTS:
C:\Program Files\Unity\Hub\Editor\2020.2.0b14\Editor\Unity.exe
-adb2
-batchMode
-noUpm
-name
AssetImportWorker0
-projectPath
C:/Users/DELL/Downloads/Bitirme
-logFile
Logs/AssetImportWorker0.log
-srvPort
54838
Successfully changed project path to: C:/Users/DELL/Downloads/Bitirme
C:/Users/DELL/Downloads/Bitirme
Using Asset Import Pipeline V2.
Refreshing native plugins compatible for Editor in 118.45 ms, found 0 plugins.
Preloading 0 native plugins for Editor in 0.00 ms.
Initialize engine version: 2020.2.0b14 (dc0b50340a64)
[Subsystems] Discovering subsystems at path C:/Program Files/Unity/Hub/Editor/2020.2.0b14/Editor/Data/Resources/UnitySubsystems
[Subsystems] Discovering subsystems at path C:/Users/DELL/Downloads/Bitirme/Assets
GfxDevice: creating device client; threaded=0
Direct3D:
    Version:  Direct3D 11.0 [level 11.1]
    Renderer: Intel(R) HD Graphics 620 (ID=0x5916)
    Vendor:   
    VRAM:     1982 MB
    Driver:   23.20.16.4973
Initialize mono
Mono path[0] = 'C:/Program Files/Unity/Hub/Editor/2020.2.0b14/Editor/Data/Managed'
Mono path[1] = 'C:/Program Files/Unity/Hub/Editor/2020.2.0b14/Editor/Data/MonoBleedingEdge/lib/mono/unityjit'
Mono config path = 'C:/Program Files/Unity/Hub/Editor/2020.2.0b14/Editor/Data/MonoBleedingEdge/etc'
Using monoOptions --debugger-agent=transport=dt_socket,embedding=1,server=y,suspend=n,address=127.0.0.1:56104
Begin MonoManager ReloadAssembly
Registering precompiled unity dll's ...
Register platform support module: C:/Program Files/Unity/Hub/Editor/2020.2.0b14/Editor/Data/PlaybackEngines/WindowsStandaloneSupport/UnityEditor.WindowsStandalone.Extensions.dll
Registered in 0.006089 seconds.
Native extension for WindowsStandalone target not found
Refreshing native plugins compatible for Editor in 44.32 ms, found 0 plugins.
Preloading 0 native plugins for Editor in 0.00 ms.
Invoked RoslynAnalysisRunner static constructor.
RoslynAnalysisRunner will not be running.
RoslynAnalysisRunner has terminated.
Mono: successfully reloaded assembly
- Completed reload, in 13.119 seconds
Platform modules already initialized, skipping
Registering precompiled user dll's ...
Registered in 0.004836 seconds.
Begin MonoManager ReloadAssembly
Native extension for WindowsStandalone target not found
Refreshing native plugins compatible for Editor in 53.94 ms, found 0 plugins.
Preloading 0 native plugins for Editor in 0.00 ms.
Invoked RoslynAnalysisRunner static constructor.
RoslynAnalysisRunner will not be running.
RoslynAnalysisRunner has terminated.
Mono: successfully reloaded assembly
- Completed reload, in  1.875 seconds
Platform modules already initialized, skipping
========================================================================
Worker process is ready to serve import requests
Launched and connected shader compiler UnityShaderCompiler.exe after 0.11 seconds
Refreshing native plugins compatible for Editor in 0.51 ms, found 0 plugins.
Preloading 0 native plugins for Editor in 0.00 ms.
Unloading 1393 Unused Serialized files (Serialized files now loaded: 0)
System memory in use before: 66.8 MB.
System memory in use after: 66.9 MB.

Unloading 9 unused Assets to reduce memory usage. Loaded Objects now: 1838.
Total: 2.204900 ms (FindLiveObjects: 0.168700 ms CreateObjectMapping: 0.054000 ms MarkObjects: 1.924000 ms  DeleteObjects: 0.056200 ms)

========================================================================
Received Import Request.
  path: Assets/Scenes/S覺n覺f5Level.unity
  artifactKey: Guid(f934b4c9ff4ed124c96bd75c1b926273) Importer(815301076,1909f56bfc062723c751e8b465ee728b)
Start importing Assets/Scenes/S覺n覺f5Level.unity using Guid(f934b4c9ff4ed124c96bd75c1b926273) Importer(815301076,1909f56bfc062723c751e8b465ee728b)  -> (artifact id: '0c04a507d30cf0ced228838da3bf89fa') in 0.040909 seconds
  Import took 0.047244 seconds .

========================================================================
Received Import Request.
  Time since last request: 0.001380 seconds.
  path: Assets/Scenes/ArGerceklikLevel.unity
  artifactKey: Guid(7ba0e1cb321f013418d789599d94156d) Importer(815301076,1909f56bfc062723c751e8b465ee728b)
Start importing Assets/Scenes/ArGerceklikLevel.unity using Guid(7ba0e1cb321f013418d789599d94156d) Importer(815301076,1909f56bfc062723c751e8b465ee728b)  -> (artifact id: '39786fe026621d6868b6e5fdb80b955e') in 0.032340 seconds
  Import took 0.044634 seconds .

========================================================================
Received Import Request.
  Time since last request: 0.000736 seconds.
  path: Assets/Scenes
  artifactKey: Guid(1de0fb46c858c304ab521acfabb5ffbb) Importer(815301076,1909f56bfc062723c751e8b465ee728b)
Start importing Assets/Scenes using Guid(1de0fb46c858c304ab521acfabb5ffbb) Importer(815301076,1909f56bfc062723c751e8b465ee728b)  -> (artifact id: '0f3099592108c98f1b1a79ff7445b51f') in 0.020466 seconds
  Import took 0.030221 seconds .

========================================================================
Received Import Request.
  Time since last request: 0.001387 seconds.
  path: Assets/Scenes/KarikaturLevel.unity
  artifactKey: Guid(17b7e37ee7e207f4f9155e1dd1262822) Importer(815301076,1909f56bfc062723c751e8b465ee728b)
Start importing Assets/Scenes/KarikaturLevel.unity using Guid(17b7e37ee7e207f4f9155e1dd1262822) Importer(815301076,1909f56bfc062723c751e8b465ee728b)  -> (artifact id: 'c08b2ce94d65426fe090b2578a2d7a33') in 0.018747 seconds
  Import took 0.028763 seconds .

========================================================================
Received Import Request.
  Time since last request: 0.000368 seconds.
  path: Assets/Scenes/MenuLevel.unity
  artifactKey: Guid(8d9713a32c2a11243a1ea2ccffa32e5a) Importer(815301076,1909f56bfc062723c751e8b465ee728b)
Start importing Assets/Scenes/MenuLevel.unity using Guid(8d9713a32c2a11243a1ea2ccffa32e5a) Importer(815301076,1909f56bfc062723c751e8b465ee728b)  -> (artifact id: 'acb09c31106496dedad16f7ae03c34eb') in 0.018142 seconds
  Import took 0.021978 seconds .

========================================================================
Received Import Request.
  Time since last request: 0.000327 seconds.
  path: Assets/Scenes/BaslaLevel.unity
  artifactKey: Guid(9fc0d4010bbf28b4594072e72b8655ab) Importer(815301076,1909f56bfc062723c751e8b465ee728b)
Start importing Assets/Scenes/BaslaLevel.unity using Guid(9fc0d4010bbf28b4594072e72b8655ab) Importer(815301076,1909f56bfc062723c751e8b465ee728b)  -> (artifact id: '8fe9f83a00cf748070ad35c57dd7e603') in 0.018274 seconds
  Import took 0.022208 seconds .

========================================================================
Received Prepare
Registering precompiled user dll's ...
Registered in 0.003658 seconds.
Begin MonoManager ReloadAssembly
Native extension for WindowsStandalone target not found
Refreshing native plugins compatible for Editor in 0.29 ms, found 0 plugins.
Preloading 0 native plugins for Editor in 0.00 ms.
Invoked RoslynAnalysisRunner static constructor.
RoslynAnalysisRunner will not be running.
RoslynAnalysisRunner has terminated.
Mono: successfully reloaded assembly
- Completed reload, in  1.707 seconds
Platform modules already initialized, skipping
Refreshing native plugins compatible for Editor in 0.51 ms, found 0 plugins.
Preloading 0 native plugins for Editor in 0.00 ms.
Unloading 1371 Unused Serialized files (Serialized files now loaded: 0)
System memory in use before: 65.6 MB.
System memory in use after: 65.7 MB.

Unloading 4 unused Assets to reduce memory usage. Loaded Objects now: 1840.
Total: 3.544300 ms (FindLiveObjects: 0.522700 ms CreateObjectMapping: 0.484600 ms MarkObjects: 2.504200 ms  DeleteObjects: 0.030800 ms)

